<?xml version="1.0" encoding="UTF-8"?>
<!-- Generated by org.testng.reporters.JUnitReportReporter -->
<testsuite skipped="0" hostname="DESKTOP-FN7FNI3" name="testCases.Test_User_Role" tests="1" failures="0" timestamp="06 Dec 2020 13:54:45 GMT" time="10.772" errors="0">
  <testcase name="checkUserRole" time="10.772" classname="testCases.Test_User_Role"/>
</testsuite> <!-- testCases.Test_User_Role -->
