<?xml version="1.0" encoding="UTF-8"?>
<!-- Generated by org.testng.reporters.JUnitReportReporter -->
<testsuite skipped="0" hostname="DESKTOP-FN7FNI3" name="testCases.Test_Pending_Leave_Request" tests="1" failures="0" timestamp="06 Dec 2020 13:54:45 GMT" time="6.492" errors="0">
  <testcase name="compareText" time="6.492" classname="testCases.Test_Pending_Leave_Request"/>
</testsuite> <!-- testCases.Test_Pending_Leave_Request -->
